2024-09-26T15:26:28,355 [DEBUG] main org.pytorch.serve.util.ConfigManager - xpu-smi not available or failed: Cannot run program "xpu-smi": CreateProcess error=2, 지정된 파일을 찾을 수 없습니다
2024-09-26T15:26:28,355 [DEBUG] main org.pytorch.serve.util.ConfigManager - xpu-smi not available or failed: Cannot run program "xpu-smi": CreateProcess error=2, 지정된 파일을 찾을 수 없습니다
2024-09-26T15:26:28,358 [WARN ] main org.pytorch.serve.util.ConfigManager - Your torchserve instance can access any URL to load models. When deploying to production, make sure to limit the set of allowed_urls in config.properties
2024-09-26T15:26:28,358 [WARN ] main org.pytorch.serve.util.ConfigManager - Your torchserve instance can access any URL to load models. When deploying to production, make sure to limit the set of allowed_urls in config.properties
2024-09-26T15:26:28,374 [INFO ] main org.pytorch.serve.servingsdk.impl.PluginsManager - Initializing plugins manager...
2024-09-26T15:26:28,374 [INFO ] main org.pytorch.serve.servingsdk.impl.PluginsManager - Initializing plugins manager...
2024-09-26T15:26:28,409 [INFO ] main org.pytorch.serve.metrics.configuration.MetricConfiguration - Successfully loaded metrics configuration from C:\ProgramData\anaconda3\envs\x3d_project\lib\site-packages/ts/configs/metrics.yaml
2024-09-26T15:26:28,409 [INFO ] main org.pytorch.serve.metrics.configuration.MetricConfiguration - Successfully loaded metrics configuration from C:\ProgramData\anaconda3\envs\x3d_project\lib\site-packages/ts/configs/metrics.yaml
2024-09-26T15:26:28,511 [INFO ] main org.pytorch.serve.ModelServer - 
Torchserve version: 0.11.1
TS Home: C:\ProgramData\anaconda3\envs\x3d_project\lib\site-packages
Current directory: C:\Users\SSAFY\Desktop\project_AI\S11P21A302\AI\TorchServe
Temp directory: C:\Users\SSAFY\AppData\Local\Temp
Metrics config path: C:\ProgramData\anaconda3\envs\x3d_project\lib\site-packages/ts/configs/metrics.yaml
Number of GPUs: 1
Number of CPUs: 20
Max heap size: 8084 M
Python executable: C:\ProgramData\anaconda3\envs\x3d_project\python.exe
Config file: C:/Users/SSAFY/Desktop/project_AI/S11P21A302/AI/TorchServe/config.properties
Inference address: http://127.0.0.1:8080
Management address: http://127.0.0.1:8081
Metrics address: http://127.0.0.1:8082
Model Store: C:\Users\SSAFY\Desktop\project_AI\S11P21A302\AI\TorchServe\model_store
Initial Models: ensemble=ensemble.mar
Log dir: C:\Users\SSAFY\Desktop\project_AI\S11P21A302\AI\TorchServe\logs
Metrics dir: C:\Users\SSAFY\Desktop\project_AI\S11P21A302\AI\TorchServe\logs
Netty threads: 0
Netty client threads: 0
Default workers per model: 1
Blacklist Regex: N/A
Maximum Response Size: 6553500
Maximum Request Size: 100000000
Limit Maximum Image Pixels: true
Prefer direct buffer: false
Allowed Urls: [file://.*|http(s)?://.*]
Custom python dependency for model allowed: false
Enable metrics API: true
Metrics mode: LOG
Disable system metrics: false
Workflow Store: C:\Users\SSAFY\Desktop\project_AI\S11P21A302\AI\TorchServe\model_store
CPP log config: N/A
Model config: N/A
System metrics command: default
Model API enabled: false
2024-09-26T15:26:28,511 [INFO ] main org.pytorch.serve.ModelServer - 
Torchserve version: 0.11.1
TS Home: C:\ProgramData\anaconda3\envs\x3d_project\lib\site-packages
Current directory: C:\Users\SSAFY\Desktop\project_AI\S11P21A302\AI\TorchServe
Temp directory: C:\Users\SSAFY\AppData\Local\Temp
Metrics config path: C:\ProgramData\anaconda3\envs\x3d_project\lib\site-packages/ts/configs/metrics.yaml
Number of GPUs: 1
Number of CPUs: 20
Max heap size: 8084 M
Python executable: C:\ProgramData\anaconda3\envs\x3d_project\python.exe
Config file: C:/Users/SSAFY/Desktop/project_AI/S11P21A302/AI/TorchServe/config.properties
Inference address: http://127.0.0.1:8080
Management address: http://127.0.0.1:8081
Metrics address: http://127.0.0.1:8082
Model Store: C:\Users\SSAFY\Desktop\project_AI\S11P21A302\AI\TorchServe\model_store
Initial Models: ensemble=ensemble.mar
Log dir: C:\Users\SSAFY\Desktop\project_AI\S11P21A302\AI\TorchServe\logs
Metrics dir: C:\Users\SSAFY\Desktop\project_AI\S11P21A302\AI\TorchServe\logs
Netty threads: 0
Netty client threads: 0
Default workers per model: 1
Blacklist Regex: N/A
Maximum Response Size: 6553500
Maximum Request Size: 100000000
Limit Maximum Image Pixels: true
Prefer direct buffer: false
Allowed Urls: [file://.*|http(s)?://.*]
Custom python dependency for model allowed: false
Enable metrics API: true
Metrics mode: LOG
Disable system metrics: false
Workflow Store: C:\Users\SSAFY\Desktop\project_AI\S11P21A302\AI\TorchServe\model_store
CPP log config: N/A
Model config: N/A
System metrics command: default
Model API enabled: false
2024-09-26T15:26:28,517 [INFO ] main org.pytorch.serve.servingsdk.impl.PluginsManager -  Loading snapshot serializer plugin...
2024-09-26T15:26:28,517 [INFO ] main org.pytorch.serve.servingsdk.impl.PluginsManager -  Loading snapshot serializer plugin...
2024-09-26T15:26:28,529 [INFO ] main org.pytorch.serve.ModelServer - Loading initial models: ensemble.mar
2024-09-26T15:26:28,529 [INFO ] main org.pytorch.serve.ModelServer - Loading initial models: ensemble.mar
2024-09-26T15:26:30,067 [DEBUG] main org.pytorch.serve.wlm.ModelVersionedRefs - Adding new version 1.0 for model ensemble
2024-09-26T15:26:30,067 [DEBUG] main org.pytorch.serve.wlm.ModelVersionedRefs - Adding new version 1.0 for model ensemble
2024-09-26T15:26:30,068 [DEBUG] main org.pytorch.serve.wlm.ModelVersionedRefs - Setting default version to 1.0 for model ensemble
2024-09-26T15:26:30,068 [DEBUG] main org.pytorch.serve.wlm.ModelVersionedRefs - Setting default version to 1.0 for model ensemble
2024-09-26T15:26:30,069 [INFO ] main org.pytorch.serve.wlm.ModelManager - Model ensemble loaded.
2024-09-26T15:26:30,069 [INFO ] main org.pytorch.serve.wlm.ModelManager - Model ensemble loaded.
2024-09-26T15:26:30,069 [DEBUG] main org.pytorch.serve.wlm.ModelManager - updateModel: ensemble, count: 1
2024-09-26T15:26:30,069 [DEBUG] main org.pytorch.serve.wlm.ModelManager - updateModel: ensemble, count: 1
2024-09-26T15:26:30,079 [INFO ] main org.pytorch.serve.ModelServer - Initialize Inference server with: NioServerSocketChannel.
2024-09-26T15:26:30,079 [INFO ] main org.pytorch.serve.ModelServer - Initialize Inference server with: NioServerSocketChannel.
2024-09-26T15:26:30,080 [DEBUG] W-9000-ensemble_1.0 org.pytorch.serve.wlm.WorkerLifeCycle - Worker cmdline: [C:\ProgramData\anaconda3\envs\x3d_project\python.exe, C:\ProgramData\anaconda3\envs\x3d_project\lib\site-packages\ts\model_service_worker.py, --sock-type, tcp, --port, 9000, --metrics-config, C:\ProgramData\anaconda3\envs\x3d_project\lib\site-packages/ts/configs/metrics.yaml]
2024-09-26T15:26:30,080 [DEBUG] W-9000-ensemble_1.0 org.pytorch.serve.wlm.WorkerLifeCycle - Worker cmdline: [C:\ProgramData\anaconda3\envs\x3d_project\python.exe, C:\ProgramData\anaconda3\envs\x3d_project\lib\site-packages\ts\model_service_worker.py, --sock-type, tcp, --port, 9000, --metrics-config, C:\ProgramData\anaconda3\envs\x3d_project\lib\site-packages/ts/configs/metrics.yaml]
2024-09-26T15:26:30,118 [INFO ] main org.pytorch.serve.ModelServer - Inference API bind to: http://127.0.0.1:8080
2024-09-26T15:26:30,118 [INFO ] main org.pytorch.serve.ModelServer - Inference API bind to: http://127.0.0.1:8080
2024-09-26T15:26:30,118 [INFO ] main org.pytorch.serve.ModelServer - Initialize Management server with: NioServerSocketChannel.
2024-09-26T15:26:30,118 [INFO ] main org.pytorch.serve.ModelServer - Initialize Management server with: NioServerSocketChannel.
2024-09-26T15:26:30,121 [INFO ] main org.pytorch.serve.ModelServer - Management API bind to: http://127.0.0.1:8081
2024-09-26T15:26:30,121 [INFO ] main org.pytorch.serve.ModelServer - Management API bind to: http://127.0.0.1:8081
2024-09-26T15:26:30,121 [INFO ] main org.pytorch.serve.ModelServer - Initialize Metrics server with: NioServerSocketChannel.
2024-09-26T15:26:30,121 [INFO ] main org.pytorch.serve.ModelServer - Initialize Metrics server with: NioServerSocketChannel.
2024-09-26T15:26:30,125 [INFO ] main org.pytorch.serve.ModelServer - Metrics API bind to: http://127.0.0.1:8082
2024-09-26T15:26:30,125 [INFO ] main org.pytorch.serve.ModelServer - Metrics API bind to: http://127.0.0.1:8082
2024-09-26T15:26:30,251 [WARN ] pool-3-thread-1 org.pytorch.serve.metrics.MetricCollector - worker pid is not available yet.
2024-09-26T15:26:30,251 [WARN ] pool-3-thread-1 org.pytorch.serve.metrics.MetricCollector - worker pid is not available yet.
2024-09-26T15:26:30,836 [INFO ] pool-3-thread-1 TS_METRICS - CPUUtilization.Percent:0.0|#Level:Host|#hostname:DESKTOP-MMCQPV1,timestamp:1727331990
2024-09-26T15:26:30,837 [INFO ] pool-3-thread-1 TS_METRICS - DiskAvailable.Gigabytes:250.5680923461914|#Level:Host|#hostname:DESKTOP-MMCQPV1,timestamp:1727331990
2024-09-26T15:26:30,838 [INFO ] pool-3-thread-1 TS_METRICS - DiskUsage.Gigabytes:701.0641975402832|#Level:Host|#hostname:DESKTOP-MMCQPV1,timestamp:1727331990
2024-09-26T15:26:30,843 [INFO ] pool-3-thread-1 TS_METRICS - DiskUtilization.Percent:73.7|#Level:Host|#hostname:DESKTOP-MMCQPV1,timestamp:1727331990
2024-09-26T15:26:30,844 [INFO ] pool-3-thread-1 TS_METRICS - GPUMemoryUtilization.Percent:9.477283829995114|#Level:Host,DeviceId:0|#hostname:DESKTOP-MMCQPV1,timestamp:1727331990
2024-09-26T15:26:30,845 [INFO ] pool-3-thread-1 TS_METRICS - GPUMemoryUsed.Megabytes:582.0|#Level:Host,DeviceId:0|#hostname:DESKTOP-MMCQPV1,timestamp:1727331990
2024-09-26T15:26:30,845 [INFO ] pool-3-thread-1 TS_METRICS - GPUUtilization.Percent:1.0|#Level:Host,DeviceId:0|#hostname:DESKTOP-MMCQPV1,timestamp:1727331990
2024-09-26T15:26:30,845 [INFO ] pool-3-thread-1 TS_METRICS - MemoryAvailable.Megabytes:18184.6796875|#Level:Host|#hostname:DESKTOP-MMCQPV1,timestamp:1727331990
2024-09-26T15:26:30,846 [INFO ] pool-3-thread-1 TS_METRICS - MemoryUsed.Megabytes:14144.19140625|#Level:Host|#hostname:DESKTOP-MMCQPV1,timestamp:1727331990
2024-09-26T15:26:30,847 [INFO ] pool-3-thread-1 TS_METRICS - MemoryUtilization.Percent:43.8|#Level:Host|#hostname:DESKTOP-MMCQPV1,timestamp:1727331990
2024-09-26T15:26:31,501 [INFO ] W-9000-ensemble_1.0-stdout MODEL_LOG - Listening on addr:port: 127.0.0.1:9000
2024-09-26T15:26:31,505 [INFO ] W-9000-ensemble_1.0-stdout MODEL_LOG - Successfully loaded C:\ProgramData\anaconda3\envs\x3d_project\lib\site-packages/ts/configs/metrics.yaml.
2024-09-26T15:26:31,506 [INFO ] W-9000-ensemble_1.0-stdout MODEL_LOG - [PID]19272
2024-09-26T15:26:31,510 [INFO ] W-9000-ensemble_1.0-stdout MODEL_LOG - Torch worker started.
2024-09-26T15:26:31,510 [DEBUG] W-9000-ensemble_1.0 org.pytorch.serve.wlm.WorkerThread - W-9000-ensemble_1.0 State change null -> WORKER_STARTED
2024-09-26T15:26:31,510 [DEBUG] W-9000-ensemble_1.0 org.pytorch.serve.wlm.WorkerThread - W-9000-ensemble_1.0 State change null -> WORKER_STARTED
2024-09-26T15:26:31,510 [INFO ] W-9000-ensemble_1.0-stdout MODEL_LOG - Python runtime: 3.12.3
2024-09-26T15:26:31,513 [INFO ] W-9000-ensemble_1.0 org.pytorch.serve.wlm.WorkerThread - Connecting to: /127.0.0.1:9000
2024-09-26T15:26:31,513 [INFO ] W-9000-ensemble_1.0 org.pytorch.serve.wlm.WorkerThread - Connecting to: /127.0.0.1:9000
2024-09-26T15:26:31,519 [INFO ] W-9000-ensemble_1.0-stdout MODEL_LOG - Connection accepted: ('127.0.0.1', 9000).
2024-09-26T15:26:31,522 [DEBUG] W-9000-ensemble_1.0 org.pytorch.serve.wlm.WorkerThread - Flushing req.cmd LOAD repeats 1 to backend at: 1727331991522
2024-09-26T15:26:31,522 [DEBUG] W-9000-ensemble_1.0 org.pytorch.serve.wlm.WorkerThread - Flushing req.cmd LOAD repeats 1 to backend at: 1727331991522
2024-09-26T15:26:31,523 [INFO ] W-9000-ensemble_1.0 org.pytorch.serve.wlm.WorkerThread - Looping backend response at: 1727331991523
2024-09-26T15:26:31,523 [INFO ] W-9000-ensemble_1.0 org.pytorch.serve.wlm.WorkerThread - Looping backend response at: 1727331991523
2024-09-26T15:26:31,541 [INFO ] W-9000-ensemble_1.0-stdout MODEL_LOG - model_name: ensemble, batchSize: 1
2024-09-26T15:26:31,598 [INFO ] W-9000-ensemble_1.0-stdout MODEL_LOG - Enabled tensor cores
2024-09-26T15:26:31,599 [INFO ] W-9000-ensemble_1.0-stdout MODEL_LOG - OpenVINO is not enabled
2024-09-26T15:26:31,599 [INFO ] W-9000-ensemble_1.0-stdout MODEL_LOG - proceeding without onnxruntime
2024-09-26T15:26:31,601 [INFO ] W-9000-ensemble_1.0-stdout MODEL_LOG - Torch TensorRT not enabled
2024-09-26T15:26:34,088 [INFO ] W-9000-ensemble_1.0-stdout MODEL_LOG - All layers of X3D model have been adjusted.
2024-09-26T15:26:34,137 [INFO ] W-9000-ensemble_1.0-stdout MODEL_LOG - Successfully loaded X3D model from: C:\Users\SSAFY\AppData\Local\Temp\models\71d9ba19c43a4dd3b4628a19c27fb2ab\x3d_best_model.pth
2024-09-26T15:26:36,472 [INFO ] W-9000-ensemble_1.0-stdout MODEL_LOG - All layers of SlowFast model have been adjusted.
2024-09-26T15:26:36,569 [INFO ] W-9000-ensemble_1.0-stdout MODEL_LOG - Successfully loaded SlowFast model from: C:\Users\SSAFY\AppData\Local\Temp\models\71d9ba19c43a4dd3b4628a19c27fb2ab\slowfast_best_model.pth
2024-09-26T15:26:36,571 [INFO ] W-9000-ensemble_1.0-stdout MODEL_LOG - Successfully loaded class mapping file from: C:\Users\SSAFY\AppData\Local\Temp\models\71d9ba19c43a4dd3b4628a19c27fb2ab\index_to_name.json
2024-09-26T15:26:36,576 [INFO ] W-9000-ensemble_1.0 org.pytorch.serve.wlm.WorkerThread - Backend response time: 5052
2024-09-26T15:26:36,571 [INFO ] W-9000-ensemble_1.0-stdout MODEL_LOG - EnsembleHandler initialization complete.
2024-09-26T15:26:36,576 [INFO ] W-9000-ensemble_1.0 org.pytorch.serve.wlm.WorkerThread - Backend response time: 5052
2024-09-26T15:26:36,577 [DEBUG] W-9000-ensemble_1.0 org.pytorch.serve.wlm.WorkerThread - W-9000-ensemble_1.0 State change WORKER_STARTED -> WORKER_MODEL_LOADED
2024-09-26T15:26:36,577 [DEBUG] W-9000-ensemble_1.0 org.pytorch.serve.wlm.WorkerThread - W-9000-ensemble_1.0 State change WORKER_STARTED -> WORKER_MODEL_LOADED
2024-09-26T15:26:36,578 [INFO ] W-9000-ensemble_1.0 TS_METRICS - WorkerLoadTime.Milliseconds:6501.0|#WorkerName:W-9000-ensemble_1.0,Level:Host|#hostname:DESKTOP-MMCQPV1,timestamp:1727331996
2024-09-26T15:26:36,578 [INFO ] W-9000-ensemble_1.0 TS_METRICS - WorkerThreadTime.Milliseconds:4.0|#Level:Host|#hostname:DESKTOP-MMCQPV1,timestamp:1727331996
2024-09-26T15:26:44,200 [INFO ] nioEventLoopGroup-3-1 TS_METRICS - ts_inference_requests_total.Count:1.0|#model_name:ensemble,model_version:default|#hostname:DESKTOP-MMCQPV1,timestamp:1727332004
2024-09-26T15:26:44,204 [DEBUG] W-9000-ensemble_1.0 org.pytorch.serve.wlm.WorkerThread - Flushing req.cmd PREDICT repeats 1 to backend at: 1727332004204
2024-09-26T15:26:44,204 [DEBUG] W-9000-ensemble_1.0 org.pytorch.serve.wlm.WorkerThread - Flushing req.cmd PREDICT repeats 1 to backend at: 1727332004204
2024-09-26T15:26:44,205 [INFO ] W-9000-ensemble_1.0 org.pytorch.serve.wlm.WorkerThread - Looping backend response at: 1727332004205
2024-09-26T15:26:44,205 [INFO ] W-9000-ensemble_1.0 org.pytorch.serve.wlm.WorkerThread - Looping backend response at: 1727332004205
2024-09-26T15:26:44,354 [INFO ] W-9000-ensemble_1.0-stdout MODEL_LOG - Backend received inference at: 1727332004
2024-09-26T15:26:44,354 [INFO ] W-9000-ensemble_1.0-stdout MODEL_LOG - Starting request processing.
2024-09-26T15:26:48,429 [INFO ] W-9000-ensemble_1.0-stdout MODEL_LOG - Preprocessed video: X3D tensor shape torch.Size([1, 3, 32, 224, 224]), SlowFast tensor shapes torch.Size([1, 3, 8, 224, 224]), torch.Size([1, 3, 32, 224, 224])
2024-09-26T15:26:48,744 [INFO ] W-9000-ensemble_1.0-stdout MODEL_LOG - X3D model inference completed successfully.
2024-09-26T15:26:48,803 [INFO ] W-9000-ensemble_1.0-stdout MODEL_LOG - SlowFast model inference completed successfully.
2024-09-26T15:26:48,804 [INFO ] W-9000-ensemble_1.0-stdout MODEL_LOG - Softmax transformation applied to model outputs.
2024-09-26T15:26:48,812 [INFO ] W-9000-ensemble_1.0-stdout MODEL_LOG - Ensemble inference completed successfully.
2024-09-26T15:26:48,813 [INFO ] W-9000-ensemble_1.0 org.pytorch.serve.wlm.BatchAggregator - Sending response for jobId ee5906f5-ffa1-47d1-a37a-d9bbac8931ad
2024-09-26T15:26:48,813 [INFO ] W-9000-ensemble_1.0-stdout MODEL_LOG - Predicted class: fall
2024-09-26T15:26:48,813 [INFO ] W-9000-ensemble_1.0 org.pytorch.serve.wlm.BatchAggregator - Sending response for jobId ee5906f5-ffa1-47d1-a37a-d9bbac8931ad
2024-09-26T15:26:48,813 [INFO ] W-9000-ensemble_1.0-stdout MODEL_LOG - Request processing completed successfully.
2024-09-26T15:26:48,815 [INFO ] W-9000-ensemble_1.0-stdout org.pytorch.serve.wlm.WorkerLifeCycle - result=[METRICS]PredictionTime.Milliseconds:4458.22|#ModelName:ensemble,Level:Model|#type:GAUGE|#hostname:DESKTOP-MMCQPV1,1727332008,ee5906f5-ffa1-47d1-a37a-d9bbac8931ad, pattern=[METRICS]
2024-09-26T15:26:48,814 [INFO ] W-9000-ensemble_1.0 ACCESS_LOG - /127.0.0.1:53578 "POST /predictions/ensemble HTTP/1.1" 200 4862
2024-09-26T15:26:48,815 [INFO ] W-9000-ensemble_1.0-stdout org.pytorch.serve.wlm.WorkerLifeCycle - result=[METRICS]PredictionTime.Milliseconds:4458.22|#ModelName:ensemble,Level:Model|#type:GAUGE|#hostname:DESKTOP-MMCQPV1,1727332008,ee5906f5-ffa1-47d1-a37a-d9bbac8931ad, pattern=[METRICS]
2024-09-26T15:26:48,818 [INFO ] W-9000-ensemble_1.0 TS_METRICS - Requests2XX.Count:1.0|#Level:Host|#hostname:DESKTOP-MMCQPV1,timestamp:1727332008
2024-09-26T15:26:48,818 [INFO ] W-9000-ensemble_1.0-stdout MODEL_METRICS - PredictionTime.ms:4458.22|#ModelName:ensemble,Level:Model|#hostname:DESKTOP-MMCQPV1,requestID:ee5906f5-ffa1-47d1-a37a-d9bbac8931ad,timestamp:1727332008
2024-09-26T15:26:48,820 [INFO ] W-9000-ensemble_1.0 TS_METRICS - ts_inference_latency_microseconds.Microseconds:4609460.8|#model_name:ensemble,model_version:default|#hostname:DESKTOP-MMCQPV1,timestamp:1727332008
2024-09-26T15:26:48,820 [INFO ] W-9000-ensemble_1.0 TS_METRICS - ts_queue_latency_microseconds.Microseconds:159.3|#model_name:ensemble,model_version:default|#hostname:DESKTOP-MMCQPV1,timestamp:1727332008
2024-09-26T15:26:48,820 [DEBUG] W-9000-ensemble_1.0 org.pytorch.serve.job.RestJob - Waiting time ns: 159300, Backend time ns: 4616097600
2024-09-26T15:26:48,820 [DEBUG] W-9000-ensemble_1.0 org.pytorch.serve.job.RestJob - Waiting time ns: 159300, Backend time ns: 4616097600
2024-09-26T15:26:48,821 [INFO ] W-9000-ensemble_1.0 TS_METRICS - QueueTime.Milliseconds:0.0|#Level:Host|#hostname:DESKTOP-MMCQPV1,timestamp:1727332008
2024-09-26T15:26:48,822 [INFO ] W-9000-ensemble_1.0 org.pytorch.serve.wlm.WorkerThread - Backend response time: 4602
2024-09-26T15:26:48,822 [INFO ] W-9000-ensemble_1.0 org.pytorch.serve.wlm.WorkerThread - Backend response time: 4602
2024-09-26T15:26:48,822 [INFO ] W-9000-ensemble_1.0 TS_METRICS - WorkerThreadTime.Milliseconds:16.0|#Level:Host|#hostname:DESKTOP-MMCQPV1,timestamp:1727332008
2024-09-26T15:27:30,832 [INFO ] pool-3-thread-1 TS_METRICS - CPUUtilization.Percent:0.0|#Level:Host|#hostname:DESKTOP-MMCQPV1,timestamp:1727332050
2024-09-26T15:27:30,833 [INFO ] pool-3-thread-1 TS_METRICS - DiskAvailable.Gigabytes:250.56888961791992|#Level:Host|#hostname:DESKTOP-MMCQPV1,timestamp:1727332050
2024-09-26T15:27:30,834 [INFO ] pool-3-thread-1 TS_METRICS - DiskUsage.Gigabytes:701.0634002685547|#Level:Host|#hostname:DESKTOP-MMCQPV1,timestamp:1727332050
2024-09-26T15:27:30,840 [INFO ] pool-3-thread-1 TS_METRICS - DiskUtilization.Percent:73.7|#Level:Host|#hostname:DESKTOP-MMCQPV1,timestamp:1727332050
2024-09-26T15:27:30,840 [INFO ] pool-3-thread-1 TS_METRICS - GPUMemoryUtilization.Percent:19.52450740921674|#Level:Host,DeviceId:0|#hostname:DESKTOP-MMCQPV1,timestamp:1727332050
2024-09-26T15:27:30,840 [INFO ] pool-3-thread-1 TS_METRICS - GPUMemoryUsed.Megabytes:1199.0|#Level:Host,DeviceId:0|#hostname:DESKTOP-MMCQPV1,timestamp:1727332050
2024-09-26T15:27:30,841 [INFO ] pool-3-thread-1 TS_METRICS - GPUUtilization.Percent:19.0|#Level:Host,DeviceId:0|#hostname:DESKTOP-MMCQPV1,timestamp:1727332050
2024-09-26T15:27:30,841 [INFO ] pool-3-thread-1 TS_METRICS - MemoryAvailable.Megabytes:16905.8984375|#Level:Host|#hostname:DESKTOP-MMCQPV1,timestamp:1727332050
2024-09-26T15:27:30,842 [INFO ] pool-3-thread-1 TS_METRICS - MemoryUsed.Megabytes:15421.56640625|#Level:Host|#hostname:DESKTOP-MMCQPV1,timestamp:1727332050
2024-09-26T15:27:30,842 [INFO ] pool-3-thread-1 TS_METRICS - MemoryUtilization.Percent:47.7|#Level:Host|#hostname:DESKTOP-MMCQPV1,timestamp:1727332050
2024-09-26T15:28:30,898 [INFO ] pool-3-thread-1 TS_METRICS - CPUUtilization.Percent:0.0|#Level:Host|#hostname:DESKTOP-MMCQPV1,timestamp:1727332110
2024-09-26T15:28:30,899 [INFO ] pool-3-thread-1 TS_METRICS - DiskAvailable.Gigabytes:250.44451522827148|#Level:Host|#hostname:DESKTOP-MMCQPV1,timestamp:1727332110
2024-09-26T15:28:30,902 [INFO ] pool-3-thread-1 TS_METRICS - DiskUsage.Gigabytes:701.1877746582031|#Level:Host|#hostname:DESKTOP-MMCQPV1,timestamp:1727332110
2024-09-26T15:28:30,907 [INFO ] pool-3-thread-1 TS_METRICS - DiskUtilization.Percent:73.7|#Level:Host|#hostname:DESKTOP-MMCQPV1,timestamp:1727332110
2024-09-26T15:28:30,907 [INFO ] pool-3-thread-1 TS_METRICS - GPUMemoryUtilization.Percent:20.71323888617489|#Level:Host,DeviceId:0|#hostname:DESKTOP-MMCQPV1,timestamp:1727332110
2024-09-26T15:28:30,908 [INFO ] pool-3-thread-1 TS_METRICS - GPUMemoryUsed.Megabytes:1272.0|#Level:Host,DeviceId:0|#hostname:DESKTOP-MMCQPV1,timestamp:1727332110
2024-09-26T15:28:30,908 [INFO ] pool-3-thread-1 TS_METRICS - GPUUtilization.Percent:62.0|#Level:Host,DeviceId:0|#hostname:DESKTOP-MMCQPV1,timestamp:1727332110
2024-09-26T15:28:30,909 [INFO ] pool-3-thread-1 TS_METRICS - MemoryAvailable.Megabytes:16745.3359375|#Level:Host|#hostname:DESKTOP-MMCQPV1,timestamp:1727332110
2024-09-26T15:28:30,910 [INFO ] pool-3-thread-1 TS_METRICS - MemoryUsed.Megabytes:15582.859375|#Level:Host|#hostname:DESKTOP-MMCQPV1,timestamp:1727332110
2024-09-26T15:28:30,910 [INFO ] pool-3-thread-1 TS_METRICS - MemoryUtilization.Percent:48.2|#Level:Host|#hostname:DESKTOP-MMCQPV1,timestamp:1727332110
2024-09-26T15:29:30,788 [INFO ] pool-3-thread-1 TS_METRICS - CPUUtilization.Percent:50.0|#Level:Host|#hostname:DESKTOP-MMCQPV1,timestamp:1727332170
2024-09-26T15:29:30,788 [INFO ] pool-3-thread-1 TS_METRICS - DiskAvailable.Gigabytes:250.44430923461914|#Level:Host|#hostname:DESKTOP-MMCQPV1,timestamp:1727332170
2024-09-26T15:29:30,791 [INFO ] pool-3-thread-1 TS_METRICS - DiskUsage.Gigabytes:701.1879806518555|#Level:Host|#hostname:DESKTOP-MMCQPV1,timestamp:1727332170
2024-09-26T15:29:30,793 [INFO ] pool-3-thread-1 TS_METRICS - DiskUtilization.Percent:73.7|#Level:Host|#hostname:DESKTOP-MMCQPV1,timestamp:1727332170
2024-09-26T15:29:30,794 [INFO ] pool-3-thread-1 TS_METRICS - GPUMemoryUtilization.Percent:20.420127015144114|#Level:Host,DeviceId:0|#hostname:DESKTOP-MMCQPV1,timestamp:1727332170
2024-09-26T15:29:30,794 [INFO ] pool-3-thread-1 TS_METRICS - GPUMemoryUsed.Megabytes:1254.0|#Level:Host,DeviceId:0|#hostname:DESKTOP-MMCQPV1,timestamp:1727332170
2024-09-26T15:29:30,794 [INFO ] pool-3-thread-1 TS_METRICS - GPUUtilization.Percent:0.0|#Level:Host,DeviceId:0|#hostname:DESKTOP-MMCQPV1,timestamp:1727332170
2024-09-26T15:29:30,795 [INFO ] pool-3-thread-1 TS_METRICS - MemoryAvailable.Megabytes:16995.40234375|#Level:Host|#hostname:DESKTOP-MMCQPV1,timestamp:1727332170
2024-09-26T15:29:30,795 [INFO ] pool-3-thread-1 TS_METRICS - MemoryUsed.Megabytes:15332.0625|#Level:Host|#hostname:DESKTOP-MMCQPV1,timestamp:1727332170
2024-09-26T15:29:30,795 [INFO ] pool-3-thread-1 TS_METRICS - MemoryUtilization.Percent:47.4|#Level:Host|#hostname:DESKTOP-MMCQPV1,timestamp:1727332170
2024-09-26T15:30:30,792 [INFO ] pool-3-thread-1 TS_METRICS - CPUUtilization.Percent:0.0|#Level:Host|#hostname:DESKTOP-MMCQPV1,timestamp:1727332230
2024-09-26T15:30:30,792 [INFO ] pool-3-thread-1 TS_METRICS - DiskAvailable.Gigabytes:250.44207382202148|#Level:Host|#hostname:DESKTOP-MMCQPV1,timestamp:1727332230
2024-09-26T15:30:30,795 [INFO ] pool-3-thread-1 TS_METRICS - DiskUsage.Gigabytes:701.1902160644531|#Level:Host|#hostname:DESKTOP-MMCQPV1,timestamp:1727332230
2024-09-26T15:30:30,799 [INFO ] pool-3-thread-1 TS_METRICS - DiskUtilization.Percent:73.7|#Level:Host|#hostname:DESKTOP-MMCQPV1,timestamp:1727332230
2024-09-26T15:30:30,800 [INFO ] pool-3-thread-1 TS_METRICS - GPUMemoryUtilization.Percent:20.20843510828855|#Level:Host,DeviceId:0|#hostname:DESKTOP-MMCQPV1,timestamp:1727332230
2024-09-26T15:30:30,800 [INFO ] pool-3-thread-1 TS_METRICS - GPUMemoryUsed.Megabytes:1241.0|#Level:Host,DeviceId:0|#hostname:DESKTOP-MMCQPV1,timestamp:1727332230
2024-09-26T15:30:30,801 [INFO ] pool-3-thread-1 TS_METRICS - GPUUtilization.Percent:0.0|#Level:Host,DeviceId:0|#hostname:DESKTOP-MMCQPV1,timestamp:1727332230
2024-09-26T15:30:30,801 [INFO ] pool-3-thread-1 TS_METRICS - MemoryAvailable.Megabytes:17020.35546875|#Level:Host|#hostname:DESKTOP-MMCQPV1,timestamp:1727332230
2024-09-26T15:30:30,802 [INFO ] pool-3-thread-1 TS_METRICS - MemoryUsed.Megabytes:15307.83984375|#Level:Host|#hostname:DESKTOP-MMCQPV1,timestamp:1727332230
2024-09-26T15:30:30,802 [INFO ] pool-3-thread-1 TS_METRICS - MemoryUtilization.Percent:47.4|#Level:Host|#hostname:DESKTOP-MMCQPV1,timestamp:1727332230
2024-09-26T15:31:30,787 [INFO ] pool-3-thread-1 TS_METRICS - CPUUtilization.Percent:0.0|#Level:Host|#hostname:DESKTOP-MMCQPV1,timestamp:1727332290
2024-09-26T15:31:30,788 [INFO ] pool-3-thread-1 TS_METRICS - DiskAvailable.Gigabytes:250.44204330444336|#Level:Host|#hostname:DESKTOP-MMCQPV1,timestamp:1727332290
2024-09-26T15:31:30,790 [INFO ] pool-3-thread-1 TS_METRICS - DiskUsage.Gigabytes:701.1902465820312|#Level:Host|#hostname:DESKTOP-MMCQPV1,timestamp:1727332290
2024-09-26T15:31:30,794 [INFO ] pool-3-thread-1 TS_METRICS - DiskUtilization.Percent:73.7|#Level:Host|#hostname:DESKTOP-MMCQPV1,timestamp:1727332290
2024-09-26T15:31:30,794 [INFO ] pool-3-thread-1 TS_METRICS - GPUMemoryUtilization.Percent:20.175867122618467|#Level:Host,DeviceId:0|#hostname:DESKTOP-MMCQPV1,timestamp:1727332290
2024-09-26T15:31:30,795 [INFO ] pool-3-thread-1 TS_METRICS - GPUMemoryUsed.Megabytes:1239.0|#Level:Host,DeviceId:0|#hostname:DESKTOP-MMCQPV1,timestamp:1727332290
2024-09-26T15:31:30,795 [INFO ] pool-3-thread-1 TS_METRICS - GPUUtilization.Percent:0.0|#Level:Host,DeviceId:0|#hostname:DESKTOP-MMCQPV1,timestamp:1727332290
2024-09-26T15:31:30,796 [INFO ] pool-3-thread-1 TS_METRICS - MemoryAvailable.Megabytes:17050.578125|#Level:Host|#hostname:DESKTOP-MMCQPV1,timestamp:1727332290
2024-09-26T15:31:30,796 [INFO ] pool-3-thread-1 TS_METRICS - MemoryUsed.Megabytes:15277.01953125|#Level:Host|#hostname:DESKTOP-MMCQPV1,timestamp:1727332290
2024-09-26T15:31:30,797 [INFO ] pool-3-thread-1 TS_METRICS - MemoryUtilization.Percent:47.3|#Level:Host|#hostname:DESKTOP-MMCQPV1,timestamp:1727332290
2024-09-26T15:32:30,780 [INFO ] pool-3-thread-1 TS_METRICS - CPUUtilization.Percent:0.0|#Level:Host|#hostname:DESKTOP-MMCQPV1,timestamp:1727332350
2024-09-26T15:32:30,781 [INFO ] pool-3-thread-1 TS_METRICS - DiskAvailable.Gigabytes:250.4420051574707|#Level:Host|#hostname:DESKTOP-MMCQPV1,timestamp:1727332350
2024-09-26T15:32:30,783 [INFO ] pool-3-thread-1 TS_METRICS - DiskUsage.Gigabytes:701.1902847290039|#Level:Host|#hostname:DESKTOP-MMCQPV1,timestamp:1727332350
2024-09-26T15:32:30,786 [INFO ] pool-3-thread-1 TS_METRICS - DiskUtilization.Percent:73.7|#Level:Host|#hostname:DESKTOP-MMCQPV1,timestamp:1727332350
2024-09-26T15:32:30,786 [INFO ] pool-3-thread-1 TS_METRICS - GPUMemoryUtilization.Percent:20.14329913694838|#Level:Host,DeviceId:0|#hostname:DESKTOP-MMCQPV1,timestamp:1727332350
2024-09-26T15:32:30,787 [INFO ] pool-3-thread-1 TS_METRICS - GPUMemoryUsed.Megabytes:1237.0|#Level:Host,DeviceId:0|#hostname:DESKTOP-MMCQPV1,timestamp:1727332350
2024-09-26T15:32:30,787 [INFO ] pool-3-thread-1 TS_METRICS - GPUUtilization.Percent:0.0|#Level:Host,DeviceId:0|#hostname:DESKTOP-MMCQPV1,timestamp:1727332350
2024-09-26T15:32:30,787 [INFO ] pool-3-thread-1 TS_METRICS - MemoryAvailable.Megabytes:17085.08203125|#Level:Host|#hostname:DESKTOP-MMCQPV1,timestamp:1727332350
2024-09-26T15:32:30,788 [INFO ] pool-3-thread-1 TS_METRICS - MemoryUsed.Megabytes:15242.3828125|#Level:Host|#hostname:DESKTOP-MMCQPV1,timestamp:1727332350
2024-09-26T15:32:30,788 [INFO ] pool-3-thread-1 TS_METRICS - MemoryUtilization.Percent:47.1|#Level:Host|#hostname:DESKTOP-MMCQPV1,timestamp:1727332350
2024-09-26T15:33:30,769 [INFO ] pool-3-thread-1 TS_METRICS - CPUUtilization.Percent:0.0|#Level:Host|#hostname:DESKTOP-MMCQPV1,timestamp:1727332410
2024-09-26T15:33:30,770 [INFO ] pool-3-thread-1 TS_METRICS - DiskAvailable.Gigabytes:250.44086456298828|#Level:Host|#hostname:DESKTOP-MMCQPV1,timestamp:1727332410
2024-09-26T15:33:30,771 [INFO ] pool-3-thread-1 TS_METRICS - DiskUsage.Gigabytes:701.1914253234863|#Level:Host|#hostname:DESKTOP-MMCQPV1,timestamp:1727332410
2024-09-26T15:33:30,772 [INFO ] pool-3-thread-1 TS_METRICS - DiskUtilization.Percent:73.7|#Level:Host|#hostname:DESKTOP-MMCQPV1,timestamp:1727332410
2024-09-26T15:33:30,776 [INFO ] pool-3-thread-1 TS_METRICS - GPUMemoryUtilization.Percent:20.029311187103076|#Level:Host,DeviceId:0|#hostname:DESKTOP-MMCQPV1,timestamp:1727332410
2024-09-26T15:33:30,777 [INFO ] pool-3-thread-1 TS_METRICS - GPUMemoryUsed.Megabytes:1230.0|#Level:Host,DeviceId:0|#hostname:DESKTOP-MMCQPV1,timestamp:1727332410
2024-09-26T15:33:30,778 [INFO ] pool-3-thread-1 TS_METRICS - GPUUtilization.Percent:0.0|#Level:Host,DeviceId:0|#hostname:DESKTOP-MMCQPV1,timestamp:1727332410
2024-09-26T15:33:30,778 [INFO ] pool-3-thread-1 TS_METRICS - MemoryAvailable.Megabytes:17023.9140625|#Level:Host|#hostname:DESKTOP-MMCQPV1,timestamp:1727332410
2024-09-26T15:33:30,779 [INFO ] pool-3-thread-1 TS_METRICS - MemoryUsed.Megabytes:15307.1484375|#Level:Host|#hostname:DESKTOP-MMCQPV1,timestamp:1727332410
2024-09-26T15:33:30,779 [INFO ] pool-3-thread-1 TS_METRICS - MemoryUtilization.Percent:47.4|#Level:Host|#hostname:DESKTOP-MMCQPV1,timestamp:1727332410
2024-09-26T15:34:30,772 [INFO ] pool-3-thread-1 TS_METRICS - CPUUtilization.Percent:0.0|#Level:Host|#hostname:DESKTOP-MMCQPV1,timestamp:1727332470
2024-09-26T15:34:30,773 [INFO ] pool-3-thread-1 TS_METRICS - DiskAvailable.Gigabytes:250.4403953552246|#Level:Host|#hostname:DESKTOP-MMCQPV1,timestamp:1727332470
2024-09-26T15:34:30,774 [INFO ] pool-3-thread-1 TS_METRICS - DiskUsage.Gigabytes:701.19189453125|#Level:Host|#hostname:DESKTOP-MMCQPV1,timestamp:1727332470
2024-09-26T15:34:30,779 [INFO ] pool-3-thread-1 TS_METRICS - DiskUtilization.Percent:73.7|#Level:Host|#hostname:DESKTOP-MMCQPV1,timestamp:1727332470
2024-09-26T15:34:30,779 [INFO ] pool-3-thread-1 TS_METRICS - GPUMemoryUtilization.Percent:19.89903924442273|#Level:Host,DeviceId:0|#hostname:DESKTOP-MMCQPV1,timestamp:1727332470
2024-09-26T15:34:30,780 [INFO ] pool-3-thread-1 TS_METRICS - GPUMemoryUsed.Megabytes:1222.0|#Level:Host,DeviceId:0|#hostname:DESKTOP-MMCQPV1,timestamp:1727332470
2024-09-26T15:34:30,781 [INFO ] pool-3-thread-1 TS_METRICS - GPUUtilization.Percent:0.0|#Level:Host,DeviceId:0|#hostname:DESKTOP-MMCQPV1,timestamp:1727332470
2024-09-26T15:34:30,782 [INFO ] pool-3-thread-1 TS_METRICS - MemoryAvailable.Megabytes:17087.73828125|#Level:Host|#hostname:DESKTOP-MMCQPV1,timestamp:1727332470
2024-09-26T15:34:30,782 [INFO ] pool-3-thread-1 TS_METRICS - MemoryUsed.Megabytes:15239.859375|#Level:Host|#hostname:DESKTOP-MMCQPV1,timestamp:1727332470
2024-09-26T15:34:30,783 [INFO ] pool-3-thread-1 TS_METRICS - MemoryUtilization.Percent:47.1|#Level:Host|#hostname:DESKTOP-MMCQPV1,timestamp:1727332470
2024-09-26T15:35:30,769 [INFO ] pool-3-thread-1 TS_METRICS - CPUUtilization.Percent:0.0|#Level:Host|#hostname:DESKTOP-MMCQPV1,timestamp:1727332530
2024-09-26T15:35:30,770 [INFO ] pool-3-thread-1 TS_METRICS - DiskAvailable.Gigabytes:250.4403953552246|#Level:Host|#hostname:DESKTOP-MMCQPV1,timestamp:1727332530
2024-09-26T15:35:30,771 [INFO ] pool-3-thread-1 TS_METRICS - DiskUsage.Gigabytes:701.19189453125|#Level:Host|#hostname:DESKTOP-MMCQPV1,timestamp:1727332530
2024-09-26T15:35:30,772 [INFO ] pool-3-thread-1 TS_METRICS - DiskUtilization.Percent:73.7|#Level:Host|#hostname:DESKTOP-MMCQPV1,timestamp:1727332530
2024-09-26T15:35:30,777 [INFO ] pool-3-thread-1 TS_METRICS - GPUMemoryUtilization.Percent:19.801335287412474|#Level:Host,DeviceId:0|#hostname:DESKTOP-MMCQPV1,timestamp:1727332530
2024-09-26T15:35:30,777 [INFO ] pool-3-thread-1 TS_METRICS - GPUMemoryUsed.Megabytes:1216.0|#Level:Host,DeviceId:0|#hostname:DESKTOP-MMCQPV1,timestamp:1727332530
2024-09-26T15:35:30,778 [INFO ] pool-3-thread-1 TS_METRICS - GPUUtilization.Percent:0.0|#Level:Host,DeviceId:0|#hostname:DESKTOP-MMCQPV1,timestamp:1727332530
2024-09-26T15:35:30,778 [INFO ] pool-3-thread-1 TS_METRICS - MemoryAvailable.Megabytes:17112.12109375|#Level:Host|#hostname:DESKTOP-MMCQPV1,timestamp:1727332530
2024-09-26T15:35:30,779 [INFO ] pool-3-thread-1 TS_METRICS - MemoryUsed.Megabytes:15215.34375|#Level:Host|#hostname:DESKTOP-MMCQPV1,timestamp:1727332530
2024-09-26T15:35:30,780 [INFO ] pool-3-thread-1 TS_METRICS - MemoryUtilization.Percent:47.1|#Level:Host|#hostname:DESKTOP-MMCQPV1,timestamp:1727332530
2024-09-26T15:36:30,772 [INFO ] pool-3-thread-1 TS_METRICS - CPUUtilization.Percent:50.0|#Level:Host|#hostname:DESKTOP-MMCQPV1,timestamp:1727332590
2024-09-26T15:36:30,772 [INFO ] pool-3-thread-1 TS_METRICS - DiskAvailable.Gigabytes:250.44036483764648|#Level:Host|#hostname:DESKTOP-MMCQPV1,timestamp:1727332590
2024-09-26T15:36:30,775 [INFO ] pool-3-thread-1 TS_METRICS - DiskUsage.Gigabytes:701.1919250488281|#Level:Host|#hostname:DESKTOP-MMCQPV1,timestamp:1727332590
2024-09-26T15:36:30,776 [INFO ] pool-3-thread-1 TS_METRICS - DiskUtilization.Percent:73.7|#Level:Host|#hostname:DESKTOP-MMCQPV1,timestamp:1727332590
2024-09-26T15:36:30,781 [INFO ] pool-3-thread-1 TS_METRICS - GPUMemoryUtilization.Percent:19.817619280247516|#Level:Host,DeviceId:0|#hostname:DESKTOP-MMCQPV1,timestamp:1727332590
2024-09-26T15:36:30,781 [INFO ] pool-3-thread-1 TS_METRICS - GPUMemoryUsed.Megabytes:1217.0|#Level:Host,DeviceId:0|#hostname:DESKTOP-MMCQPV1,timestamp:1727332590
2024-09-26T15:36:30,782 [INFO ] pool-3-thread-1 TS_METRICS - GPUUtilization.Percent:0.0|#Level:Host,DeviceId:0|#hostname:DESKTOP-MMCQPV1,timestamp:1727332590
2024-09-26T15:36:30,783 [INFO ] pool-3-thread-1 TS_METRICS - MemoryAvailable.Megabytes:17168.6484375|#Level:Host|#hostname:DESKTOP-MMCQPV1,timestamp:1727332590
2024-09-26T15:36:30,783 [INFO ] pool-3-thread-1 TS_METRICS - MemoryUsed.Megabytes:15158.81640625|#Level:Host|#hostname:DESKTOP-MMCQPV1,timestamp:1727332590
2024-09-26T15:36:30,783 [INFO ] pool-3-thread-1 TS_METRICS - MemoryUtilization.Percent:46.9|#Level:Host|#hostname:DESKTOP-MMCQPV1,timestamp:1727332590
2024-09-26T15:37:30,782 [INFO ] pool-3-thread-1 TS_METRICS - CPUUtilization.Percent:0.0|#Level:Host|#hostname:DESKTOP-MMCQPV1,timestamp:1727332650
2024-09-26T15:37:30,782 [INFO ] pool-3-thread-1 TS_METRICS - DiskAvailable.Gigabytes:250.44036483764648|#Level:Host|#hostname:DESKTOP-MMCQPV1,timestamp:1727332650
2024-09-26T15:37:30,786 [INFO ] pool-3-thread-1 TS_METRICS - DiskUsage.Gigabytes:701.1919250488281|#Level:Host|#hostname:DESKTOP-MMCQPV1,timestamp:1727332650
2024-09-26T15:37:30,790 [INFO ] pool-3-thread-1 TS_METRICS - DiskUtilization.Percent:73.7|#Level:Host|#hostname:DESKTOP-MMCQPV1,timestamp:1727332650
2024-09-26T15:37:30,791 [INFO ] pool-3-thread-1 TS_METRICS - GPUMemoryUtilization.Percent:19.817619280247516|#Level:Host,DeviceId:0|#hostname:DESKTOP-MMCQPV1,timestamp:1727332650
2024-09-26T15:37:30,791 [INFO ] pool-3-thread-1 TS_METRICS - GPUMemoryUsed.Megabytes:1217.0|#Level:Host,DeviceId:0|#hostname:DESKTOP-MMCQPV1,timestamp:1727332650
2024-09-26T15:37:30,792 [INFO ] pool-3-thread-1 TS_METRICS - GPUUtilization.Percent:0.0|#Level:Host,DeviceId:0|#hostname:DESKTOP-MMCQPV1,timestamp:1727332650
2024-09-26T15:37:30,792 [INFO ] pool-3-thread-1 TS_METRICS - MemoryAvailable.Megabytes:17167.75390625|#Level:Host|#hostname:DESKTOP-MMCQPV1,timestamp:1727332650
2024-09-26T15:37:30,793 [INFO ] pool-3-thread-1 TS_METRICS - MemoryUsed.Megabytes:15159.77734375|#Level:Host|#hostname:DESKTOP-MMCQPV1,timestamp:1727332650
2024-09-26T15:37:30,793 [INFO ] pool-3-thread-1 TS_METRICS - MemoryUtilization.Percent:46.9|#Level:Host|#hostname:DESKTOP-MMCQPV1,timestamp:1727332650
2024-09-26T15:38:30,779 [INFO ] pool-3-thread-1 TS_METRICS - CPUUtilization.Percent:0.0|#Level:Host|#hostname:DESKTOP-MMCQPV1,timestamp:1727332710
2024-09-26T15:38:30,779 [INFO ] pool-3-thread-1 TS_METRICS - DiskAvailable.Gigabytes:250.4399528503418|#Level:Host|#hostname:DESKTOP-MMCQPV1,timestamp:1727332710
2024-09-26T15:38:30,781 [INFO ] pool-3-thread-1 TS_METRICS - DiskUsage.Gigabytes:701.1923370361328|#Level:Host|#hostname:DESKTOP-MMCQPV1,timestamp:1727332710
2024-09-26T15:38:30,781 [INFO ] pool-3-thread-1 TS_METRICS - DiskUtilization.Percent:73.7|#Level:Host|#hostname:DESKTOP-MMCQPV1,timestamp:1727332710
2024-09-26T15:38:30,786 [INFO ] pool-3-thread-1 TS_METRICS - GPUMemoryUtilization.Percent:19.817619280247516|#Level:Host,DeviceId:0|#hostname:DESKTOP-MMCQPV1,timestamp:1727332710
2024-09-26T15:38:30,786 [INFO ] pool-3-thread-1 TS_METRICS - GPUMemoryUsed.Megabytes:1217.0|#Level:Host,DeviceId:0|#hostname:DESKTOP-MMCQPV1,timestamp:1727332710
2024-09-26T15:38:30,787 [INFO ] pool-3-thread-1 TS_METRICS - GPUUtilization.Percent:0.0|#Level:Host,DeviceId:0|#hostname:DESKTOP-MMCQPV1,timestamp:1727332710
2024-09-26T15:38:30,787 [INFO ] pool-3-thread-1 TS_METRICS - MemoryAvailable.Megabytes:17158.21875|#Level:Host|#hostname:DESKTOP-MMCQPV1,timestamp:1727332710
2024-09-26T15:38:30,788 [INFO ] pool-3-thread-1 TS_METRICS - MemoryUsed.Megabytes:15169.14453125|#Level:Host|#hostname:DESKTOP-MMCQPV1,timestamp:1727332710
2024-09-26T15:38:30,788 [INFO ] pool-3-thread-1 TS_METRICS - MemoryUtilization.Percent:46.9|#Level:Host|#hostname:DESKTOP-MMCQPV1,timestamp:1727332710
2024-09-26T15:39:29,336 [INFO ] nioEventLoopGroup-3-2 TS_METRICS - ts_inference_requests_total.Count:1.0|#model_name:ensemble,model_version:default|#hostname:DESKTOP-MMCQPV1,timestamp:1727332769
2024-09-26T15:39:29,337 [DEBUG] W-9000-ensemble_1.0 org.pytorch.serve.wlm.WorkerThread - Flushing req.cmd PREDICT repeats 1 to backend at: 1727332769337
2024-09-26T15:39:29,337 [DEBUG] W-9000-ensemble_1.0 org.pytorch.serve.wlm.WorkerThread - Flushing req.cmd PREDICT repeats 1 to backend at: 1727332769337
2024-09-26T15:39:29,341 [INFO ] W-9000-ensemble_1.0 org.pytorch.serve.wlm.WorkerThread - Looping backend response at: 1727332769341
2024-09-26T15:39:29,341 [INFO ] W-9000-ensemble_1.0 org.pytorch.serve.wlm.WorkerThread - Looping backend response at: 1727332769341
2024-09-26T15:39:29,438 [INFO ] W-9000-ensemble_1.0-stdout MODEL_LOG - Backend received inference at: 1727332769
2024-09-26T15:39:29,438 [INFO ] W-9000-ensemble_1.0-stdout MODEL_LOG - Starting request processing.
2024-09-26T15:39:30,862 [INFO ] pool-3-thread-1 TS_METRICS - CPUUtilization.Percent:0.0|#Level:Host|#hostname:DESKTOP-MMCQPV1,timestamp:1727332770
2024-09-26T15:39:30,862 [INFO ] pool-3-thread-1 TS_METRICS - DiskAvailable.Gigabytes:250.4036636352539|#Level:Host|#hostname:DESKTOP-MMCQPV1,timestamp:1727332770
2024-09-26T15:39:30,863 [INFO ] pool-3-thread-1 TS_METRICS - DiskUsage.Gigabytes:701.2286262512207|#Level:Host|#hostname:DESKTOP-MMCQPV1,timestamp:1727332770
2024-09-26T15:39:30,869 [INFO ] pool-3-thread-1 TS_METRICS - DiskUtilization.Percent:73.7|#Level:Host|#hostname:DESKTOP-MMCQPV1,timestamp:1727332770
2024-09-26T15:39:30,869 [INFO ] pool-3-thread-1 TS_METRICS - GPUMemoryUtilization.Percent:20.19215111545351|#Level:Host,DeviceId:0|#hostname:DESKTOP-MMCQPV1,timestamp:1727332770
2024-09-26T15:39:30,870 [INFO ] pool-3-thread-1 TS_METRICS - GPUMemoryUsed.Megabytes:1240.0|#Level:Host,DeviceId:0|#hostname:DESKTOP-MMCQPV1,timestamp:1727332770
2024-09-26T15:39:30,870 [INFO ] pool-3-thread-1 TS_METRICS - GPUUtilization.Percent:0.0|#Level:Host,DeviceId:0|#hostname:DESKTOP-MMCQPV1,timestamp:1727332770
2024-09-26T15:39:30,871 [INFO ] pool-3-thread-1 TS_METRICS - MemoryAvailable.Megabytes:15893.22265625|#Level:Host|#hostname:DESKTOP-MMCQPV1,timestamp:1727332770
2024-09-26T15:39:30,871 [INFO ] pool-3-thread-1 TS_METRICS - MemoryUsed.Megabytes:16434.2421875|#Level:Host|#hostname:DESKTOP-MMCQPV1,timestamp:1727332770
2024-09-26T15:39:30,872 [INFO ] pool-3-thread-1 TS_METRICS - MemoryUtilization.Percent:50.8|#Level:Host|#hostname:DESKTOP-MMCQPV1,timestamp:1727332770
2024-09-26T15:39:33,379 [INFO ] W-9000-ensemble_1.0-stdout MODEL_LOG - Preprocessed video: X3D tensor shape torch.Size([1, 3, 32, 224, 224]), SlowFast tensor shapes torch.Size([1, 3, 8, 224, 224]), torch.Size([1, 3, 32, 224, 224])
2024-09-26T15:39:33,537 [INFO ] W-9000-ensemble_1.0-stdout MODEL_LOG - X3D model inference completed successfully.
2024-09-26T15:39:33,543 [INFO ] W-9000-ensemble_1.0-stdout MODEL_LOG - SlowFast model inference completed successfully.
2024-09-26T15:39:33,543 [INFO ] W-9000-ensemble_1.0-stdout MODEL_LOG - Softmax transformation applied to model outputs.
2024-09-26T15:39:33,876 [INFO ] W-9000-ensemble_1.0-stdout MODEL_LOG - Ensemble inference completed successfully.
2024-09-26T15:39:33,877 [INFO ] W-9000-ensemble_1.0 org.pytorch.serve.wlm.BatchAggregator - Sending response for jobId 5bc93554-6e51-4df1-a566-9ead3a51c48f
2024-09-26T15:39:33,877 [INFO ] W-9000-ensemble_1.0 org.pytorch.serve.wlm.BatchAggregator - Sending response for jobId 5bc93554-6e51-4df1-a566-9ead3a51c48f
2024-09-26T15:39:33,877 [INFO ] W-9000-ensemble_1.0-stdout MODEL_LOG - Predicted class: fall
2024-09-26T15:39:33,884 [INFO ] W-9000-ensemble_1.0 ACCESS_LOG - /127.0.0.1:53760 "POST /predictions/ensemble HTTP/1.1" 200 4721
2024-09-26T15:39:33,884 [INFO ] W-9000-ensemble_1.0-stdout MODEL_LOG - Request processing completed successfully.
2024-09-26T15:39:33,885 [INFO ] W-9000-ensemble_1.0-stdout org.pytorch.serve.wlm.WorkerLifeCycle - result=[METRICS]PredictionTime.Milliseconds:4437.99|#ModelName:ensemble,Level:Model|#type:GAUGE|#hostname:DESKTOP-MMCQPV1,1727332773,5bc93554-6e51-4df1-a566-9ead3a51c48f, pattern=[METRICS]
2024-09-26T15:39:33,884 [INFO ] W-9000-ensemble_1.0 TS_METRICS - Requests2XX.Count:1.0|#Level:Host|#hostname:DESKTOP-MMCQPV1,timestamp:1727332773
2024-09-26T15:39:33,885 [INFO ] W-9000-ensemble_1.0-stdout org.pytorch.serve.wlm.WorkerLifeCycle - result=[METRICS]PredictionTime.Milliseconds:4437.99|#ModelName:ensemble,Level:Model|#type:GAUGE|#hostname:DESKTOP-MMCQPV1,1727332773,5bc93554-6e51-4df1-a566-9ead3a51c48f, pattern=[METRICS]
2024-09-26T15:39:33,885 [INFO ] W-9000-ensemble_1.0 TS_METRICS - ts_inference_latency_microseconds.Microseconds:4546752.5|#model_name:ensemble,model_version:default|#hostname:DESKTOP-MMCQPV1,timestamp:1727332773
2024-09-26T15:39:33,886 [INFO ] W-9000-ensemble_1.0-stdout MODEL_METRICS - PredictionTime.ms:4437.99|#ModelName:ensemble,Level:Model|#hostname:DESKTOP-MMCQPV1,requestID:5bc93554-6e51-4df1-a566-9ead3a51c48f,timestamp:1727332773
2024-09-26T15:39:33,886 [INFO ] W-9000-ensemble_1.0 TS_METRICS - ts_queue_latency_microseconds.Microseconds:136.5|#model_name:ensemble,model_version:default|#hostname:DESKTOP-MMCQPV1,timestamp:1727332773
2024-09-26T15:39:33,887 [DEBUG] W-9000-ensemble_1.0 org.pytorch.serve.job.RestJob - Waiting time ns: 136500, Backend time ns: 4550637800
2024-09-26T15:39:33,887 [DEBUG] W-9000-ensemble_1.0 org.pytorch.serve.job.RestJob - Waiting time ns: 136500, Backend time ns: 4550637800
2024-09-26T15:39:33,888 [INFO ] W-9000-ensemble_1.0 TS_METRICS - QueueTime.Milliseconds:0.0|#Level:Host|#hostname:DESKTOP-MMCQPV1,timestamp:1727332773
2024-09-26T15:39:33,888 [INFO ] W-9000-ensemble_1.0 org.pytorch.serve.wlm.WorkerThread - Backend response time: 4532
2024-09-26T15:39:33,888 [INFO ] W-9000-ensemble_1.0 org.pytorch.serve.wlm.WorkerThread - Backend response time: 4532
2024-09-26T15:39:33,889 [INFO ] W-9000-ensemble_1.0 TS_METRICS - WorkerThreadTime.Milliseconds:20.0|#Level:Host|#hostname:DESKTOP-MMCQPV1,timestamp:1727332773
2024-09-26T15:40:30,786 [INFO ] pool-3-thread-1 TS_METRICS - CPUUtilization.Percent:0.0|#Level:Host|#hostname:DESKTOP-MMCQPV1,timestamp:1727332830
2024-09-26T15:40:30,787 [INFO ] pool-3-thread-1 TS_METRICS - DiskAvailable.Gigabytes:250.44658279418945|#Level:Host|#hostname:DESKTOP-MMCQPV1,timestamp:1727332830
2024-09-26T15:40:30,787 [INFO ] pool-3-thread-1 TS_METRICS - DiskUsage.Gigabytes:701.1857070922852|#Level:Host|#hostname:DESKTOP-MMCQPV1,timestamp:1727332830
2024-09-26T15:40:30,788 [INFO ] pool-3-thread-1 TS_METRICS - DiskUtilization.Percent:73.7|#Level:Host|#hostname:DESKTOP-MMCQPV1,timestamp:1727332830
2024-09-26T15:40:30,788 [INFO ] pool-3-thread-1 TS_METRICS - GPUMemoryUtilization.Percent:20.420127015144114|#Level:Host,DeviceId:0|#hostname:DESKTOP-MMCQPV1,timestamp:1727332830
2024-09-26T15:40:30,788 [INFO ] pool-3-thread-1 TS_METRICS - GPUMemoryUsed.Megabytes:1254.0|#Level:Host,DeviceId:0|#hostname:DESKTOP-MMCQPV1,timestamp:1727332830
2024-09-26T15:40:30,788 [INFO ] pool-3-thread-1 TS_METRICS - GPUUtilization.Percent:0.0|#Level:Host,DeviceId:0|#hostname:DESKTOP-MMCQPV1,timestamp:1727332830
2024-09-26T15:40:30,788 [INFO ] pool-3-thread-1 TS_METRICS - MemoryAvailable.Megabytes:16987.19140625|#Level:Host|#hostname:DESKTOP-MMCQPV1,timestamp:1727332830
2024-09-26T15:40:30,789 [INFO ] pool-3-thread-1 TS_METRICS - MemoryUsed.Megabytes:15341.26953125|#Level:Host|#hostname:DESKTOP-MMCQPV1,timestamp:1727332830
2024-09-26T15:40:30,789 [INFO ] pool-3-thread-1 TS_METRICS - MemoryUtilization.Percent:47.5|#Level:Host|#hostname:DESKTOP-MMCQPV1,timestamp:1727332830
