2024-09-26T15:26:30,836 - CPUUtilization.Percent:0.0|#Level:Host|#hostname:DESKTOP-MMCQPV1,timestamp:1727331990
2024-09-26T15:26:30,837 - DiskAvailable.Gigabytes:250.5680923461914|#Level:Host|#hostname:DESKTOP-MMCQPV1,timestamp:1727331990
2024-09-26T15:26:30,838 - DiskUsage.Gigabytes:701.0641975402832|#Level:Host|#hostname:DESKTOP-MMCQPV1,timestamp:1727331990
2024-09-26T15:26:30,843 - DiskUtilization.Percent:73.7|#Level:Host|#hostname:DESKTOP-MMCQPV1,timestamp:1727331990
2024-09-26T15:26:30,844 - GPUMemoryUtilization.Percent:9.477283829995114|#Level:Host,DeviceId:0|#hostname:DESKTOP-MMCQPV1,timestamp:1727331990
2024-09-26T15:26:30,845 - GPUMemoryUsed.Megabytes:582.0|#Level:Host,DeviceId:0|#hostname:DESKTOP-MMCQPV1,timestamp:1727331990
2024-09-26T15:26:30,845 - GPUUtilization.Percent:1.0|#Level:Host,DeviceId:0|#hostname:DESKTOP-MMCQPV1,timestamp:1727331990
2024-09-26T15:26:30,845 - MemoryAvailable.Megabytes:18184.6796875|#Level:Host|#hostname:DESKTOP-MMCQPV1,timestamp:1727331990
2024-09-26T15:26:30,846 - MemoryUsed.Megabytes:14144.19140625|#Level:Host|#hostname:DESKTOP-MMCQPV1,timestamp:1727331990
2024-09-26T15:26:30,847 - MemoryUtilization.Percent:43.8|#Level:Host|#hostname:DESKTOP-MMCQPV1,timestamp:1727331990
2024-09-26T15:26:36,578 - WorkerLoadTime.Milliseconds:6501.0|#WorkerName:W-9000-ensemble_1.0,Level:Host|#hostname:DESKTOP-MMCQPV1,timestamp:1727331996
2024-09-26T15:26:36,578 - WorkerThreadTime.Milliseconds:4.0|#Level:Host|#hostname:DESKTOP-MMCQPV1,timestamp:1727331996
2024-09-26T15:26:44,200 - ts_inference_requests_total.Count:1.0|#model_name:ensemble,model_version:default|#hostname:DESKTOP-MMCQPV1,timestamp:1727332004
2024-09-26T15:26:48,818 - Requests2XX.Count:1.0|#Level:Host|#hostname:DESKTOP-MMCQPV1,timestamp:1727332008
2024-09-26T15:26:48,820 - ts_inference_latency_microseconds.Microseconds:4609460.8|#model_name:ensemble,model_version:default|#hostname:DESKTOP-MMCQPV1,timestamp:1727332008
2024-09-26T15:26:48,820 - ts_queue_latency_microseconds.Microseconds:159.3|#model_name:ensemble,model_version:default|#hostname:DESKTOP-MMCQPV1,timestamp:1727332008
2024-09-26T15:26:48,821 - QueueTime.Milliseconds:0.0|#Level:Host|#hostname:DESKTOP-MMCQPV1,timestamp:1727332008
2024-09-26T15:26:48,822 - WorkerThreadTime.Milliseconds:16.0|#Level:Host|#hostname:DESKTOP-MMCQPV1,timestamp:1727332008
2024-09-26T15:27:30,832 - CPUUtilization.Percent:0.0|#Level:Host|#hostname:DESKTOP-MMCQPV1,timestamp:1727332050
2024-09-26T15:27:30,833 - DiskAvailable.Gigabytes:250.56888961791992|#Level:Host|#hostname:DESKTOP-MMCQPV1,timestamp:1727332050
2024-09-26T15:27:30,834 - DiskUsage.Gigabytes:701.0634002685547|#Level:Host|#hostname:DESKTOP-MMCQPV1,timestamp:1727332050
2024-09-26T15:27:30,840 - DiskUtilization.Percent:73.7|#Level:Host|#hostname:DESKTOP-MMCQPV1,timestamp:1727332050
2024-09-26T15:27:30,840 - GPUMemoryUtilization.Percent:19.52450740921674|#Level:Host,DeviceId:0|#hostname:DESKTOP-MMCQPV1,timestamp:1727332050
2024-09-26T15:27:30,840 - GPUMemoryUsed.Megabytes:1199.0|#Level:Host,DeviceId:0|#hostname:DESKTOP-MMCQPV1,timestamp:1727332050
2024-09-26T15:27:30,841 - GPUUtilization.Percent:19.0|#Level:Host,DeviceId:0|#hostname:DESKTOP-MMCQPV1,timestamp:1727332050
2024-09-26T15:27:30,841 - MemoryAvailable.Megabytes:16905.8984375|#Level:Host|#hostname:DESKTOP-MMCQPV1,timestamp:1727332050
2024-09-26T15:27:30,842 - MemoryUsed.Megabytes:15421.56640625|#Level:Host|#hostname:DESKTOP-MMCQPV1,timestamp:1727332050
2024-09-26T15:27:30,842 - MemoryUtilization.Percent:47.7|#Level:Host|#hostname:DESKTOP-MMCQPV1,timestamp:1727332050
2024-09-26T15:28:30,898 - CPUUtilization.Percent:0.0|#Level:Host|#hostname:DESKTOP-MMCQPV1,timestamp:1727332110
2024-09-26T15:28:30,899 - DiskAvailable.Gigabytes:250.44451522827148|#Level:Host|#hostname:DESKTOP-MMCQPV1,timestamp:1727332110
2024-09-26T15:28:30,902 - DiskUsage.Gigabytes:701.1877746582031|#Level:Host|#hostname:DESKTOP-MMCQPV1,timestamp:1727332110
2024-09-26T15:28:30,907 - DiskUtilization.Percent:73.7|#Level:Host|#hostname:DESKTOP-MMCQPV1,timestamp:1727332110
2024-09-26T15:28:30,907 - GPUMemoryUtilization.Percent:20.71323888617489|#Level:Host,DeviceId:0|#hostname:DESKTOP-MMCQPV1,timestamp:1727332110
2024-09-26T15:28:30,908 - GPUMemoryUsed.Megabytes:1272.0|#Level:Host,DeviceId:0|#hostname:DESKTOP-MMCQPV1,timestamp:1727332110
2024-09-26T15:28:30,908 - GPUUtilization.Percent:62.0|#Level:Host,DeviceId:0|#hostname:DESKTOP-MMCQPV1,timestamp:1727332110
2024-09-26T15:28:30,909 - MemoryAvailable.Megabytes:16745.3359375|#Level:Host|#hostname:DESKTOP-MMCQPV1,timestamp:1727332110
2024-09-26T15:28:30,910 - MemoryUsed.Megabytes:15582.859375|#Level:Host|#hostname:DESKTOP-MMCQPV1,timestamp:1727332110
2024-09-26T15:28:30,910 - MemoryUtilization.Percent:48.2|#Level:Host|#hostname:DESKTOP-MMCQPV1,timestamp:1727332110
2024-09-26T15:29:30,788 - CPUUtilization.Percent:50.0|#Level:Host|#hostname:DESKTOP-MMCQPV1,timestamp:1727332170
2024-09-26T15:29:30,788 - DiskAvailable.Gigabytes:250.44430923461914|#Level:Host|#hostname:DESKTOP-MMCQPV1,timestamp:1727332170
2024-09-26T15:29:30,791 - DiskUsage.Gigabytes:701.1879806518555|#Level:Host|#hostname:DESKTOP-MMCQPV1,timestamp:1727332170
2024-09-26T15:29:30,793 - DiskUtilization.Percent:73.7|#Level:Host|#hostname:DESKTOP-MMCQPV1,timestamp:1727332170
2024-09-26T15:29:30,794 - GPUMemoryUtilization.Percent:20.420127015144114|#Level:Host,DeviceId:0|#hostname:DESKTOP-MMCQPV1,timestamp:1727332170
2024-09-26T15:29:30,794 - GPUMemoryUsed.Megabytes:1254.0|#Level:Host,DeviceId:0|#hostname:DESKTOP-MMCQPV1,timestamp:1727332170
2024-09-26T15:29:30,794 - GPUUtilization.Percent:0.0|#Level:Host,DeviceId:0|#hostname:DESKTOP-MMCQPV1,timestamp:1727332170
2024-09-26T15:29:30,795 - MemoryAvailable.Megabytes:16995.40234375|#Level:Host|#hostname:DESKTOP-MMCQPV1,timestamp:1727332170
2024-09-26T15:29:30,795 - MemoryUsed.Megabytes:15332.0625|#Level:Host|#hostname:DESKTOP-MMCQPV1,timestamp:1727332170
2024-09-26T15:29:30,795 - MemoryUtilization.Percent:47.4|#Level:Host|#hostname:DESKTOP-MMCQPV1,timestamp:1727332170
2024-09-26T15:30:30,792 - CPUUtilization.Percent:0.0|#Level:Host|#hostname:DESKTOP-MMCQPV1,timestamp:1727332230
2024-09-26T15:30:30,792 - DiskAvailable.Gigabytes:250.44207382202148|#Level:Host|#hostname:DESKTOP-MMCQPV1,timestamp:1727332230
2024-09-26T15:30:30,795 - DiskUsage.Gigabytes:701.1902160644531|#Level:Host|#hostname:DESKTOP-MMCQPV1,timestamp:1727332230
2024-09-26T15:30:30,799 - DiskUtilization.Percent:73.7|#Level:Host|#hostname:DESKTOP-MMCQPV1,timestamp:1727332230
2024-09-26T15:30:30,800 - GPUMemoryUtilization.Percent:20.20843510828855|#Level:Host,DeviceId:0|#hostname:DESKTOP-MMCQPV1,timestamp:1727332230
2024-09-26T15:30:30,800 - GPUMemoryUsed.Megabytes:1241.0|#Level:Host,DeviceId:0|#hostname:DESKTOP-MMCQPV1,timestamp:1727332230
2024-09-26T15:30:30,801 - GPUUtilization.Percent:0.0|#Level:Host,DeviceId:0|#hostname:DESKTOP-MMCQPV1,timestamp:1727332230
2024-09-26T15:30:30,801 - MemoryAvailable.Megabytes:17020.35546875|#Level:Host|#hostname:DESKTOP-MMCQPV1,timestamp:1727332230
2024-09-26T15:30:30,802 - MemoryUsed.Megabytes:15307.83984375|#Level:Host|#hostname:DESKTOP-MMCQPV1,timestamp:1727332230
2024-09-26T15:30:30,802 - MemoryUtilization.Percent:47.4|#Level:Host|#hostname:DESKTOP-MMCQPV1,timestamp:1727332230
2024-09-26T15:31:30,787 - CPUUtilization.Percent:0.0|#Level:Host|#hostname:DESKTOP-MMCQPV1,timestamp:1727332290
2024-09-26T15:31:30,788 - DiskAvailable.Gigabytes:250.44204330444336|#Level:Host|#hostname:DESKTOP-MMCQPV1,timestamp:1727332290
2024-09-26T15:31:30,790 - DiskUsage.Gigabytes:701.1902465820312|#Level:Host|#hostname:DESKTOP-MMCQPV1,timestamp:1727332290
2024-09-26T15:31:30,794 - DiskUtilization.Percent:73.7|#Level:Host|#hostname:DESKTOP-MMCQPV1,timestamp:1727332290
2024-09-26T15:31:30,794 - GPUMemoryUtilization.Percent:20.175867122618467|#Level:Host,DeviceId:0|#hostname:DESKTOP-MMCQPV1,timestamp:1727332290
2024-09-26T15:31:30,795 - GPUMemoryUsed.Megabytes:1239.0|#Level:Host,DeviceId:0|#hostname:DESKTOP-MMCQPV1,timestamp:1727332290
2024-09-26T15:31:30,795 - GPUUtilization.Percent:0.0|#Level:Host,DeviceId:0|#hostname:DESKTOP-MMCQPV1,timestamp:1727332290
2024-09-26T15:31:30,796 - MemoryAvailable.Megabytes:17050.578125|#Level:Host|#hostname:DESKTOP-MMCQPV1,timestamp:1727332290
2024-09-26T15:31:30,796 - MemoryUsed.Megabytes:15277.01953125|#Level:Host|#hostname:DESKTOP-MMCQPV1,timestamp:1727332290
2024-09-26T15:31:30,797 - MemoryUtilization.Percent:47.3|#Level:Host|#hostname:DESKTOP-MMCQPV1,timestamp:1727332290
2024-09-26T15:32:30,780 - CPUUtilization.Percent:0.0|#Level:Host|#hostname:DESKTOP-MMCQPV1,timestamp:1727332350
2024-09-26T15:32:30,781 - DiskAvailable.Gigabytes:250.4420051574707|#Level:Host|#hostname:DESKTOP-MMCQPV1,timestamp:1727332350
2024-09-26T15:32:30,783 - DiskUsage.Gigabytes:701.1902847290039|#Level:Host|#hostname:DESKTOP-MMCQPV1,timestamp:1727332350
2024-09-26T15:32:30,786 - DiskUtilization.Percent:73.7|#Level:Host|#hostname:DESKTOP-MMCQPV1,timestamp:1727332350
2024-09-26T15:32:30,786 - GPUMemoryUtilization.Percent:20.14329913694838|#Level:Host,DeviceId:0|#hostname:DESKTOP-MMCQPV1,timestamp:1727332350
2024-09-26T15:32:30,787 - GPUMemoryUsed.Megabytes:1237.0|#Level:Host,DeviceId:0|#hostname:DESKTOP-MMCQPV1,timestamp:1727332350
2024-09-26T15:32:30,787 - GPUUtilization.Percent:0.0|#Level:Host,DeviceId:0|#hostname:DESKTOP-MMCQPV1,timestamp:1727332350
2024-09-26T15:32:30,787 - MemoryAvailable.Megabytes:17085.08203125|#Level:Host|#hostname:DESKTOP-MMCQPV1,timestamp:1727332350
2024-09-26T15:32:30,788 - MemoryUsed.Megabytes:15242.3828125|#Level:Host|#hostname:DESKTOP-MMCQPV1,timestamp:1727332350
2024-09-26T15:32:30,788 - MemoryUtilization.Percent:47.1|#Level:Host|#hostname:DESKTOP-MMCQPV1,timestamp:1727332350
2024-09-26T15:33:30,769 - CPUUtilization.Percent:0.0|#Level:Host|#hostname:DESKTOP-MMCQPV1,timestamp:1727332410
2024-09-26T15:33:30,770 - DiskAvailable.Gigabytes:250.44086456298828|#Level:Host|#hostname:DESKTOP-MMCQPV1,timestamp:1727332410
2024-09-26T15:33:30,771 - DiskUsage.Gigabytes:701.1914253234863|#Level:Host|#hostname:DESKTOP-MMCQPV1,timestamp:1727332410
2024-09-26T15:33:30,772 - DiskUtilization.Percent:73.7|#Level:Host|#hostname:DESKTOP-MMCQPV1,timestamp:1727332410
2024-09-26T15:33:30,776 - GPUMemoryUtilization.Percent:20.029311187103076|#Level:Host,DeviceId:0|#hostname:DESKTOP-MMCQPV1,timestamp:1727332410
2024-09-26T15:33:30,777 - GPUMemoryUsed.Megabytes:1230.0|#Level:Host,DeviceId:0|#hostname:DESKTOP-MMCQPV1,timestamp:1727332410
2024-09-26T15:33:30,778 - GPUUtilization.Percent:0.0|#Level:Host,DeviceId:0|#hostname:DESKTOP-MMCQPV1,timestamp:1727332410
2024-09-26T15:33:30,778 - MemoryAvailable.Megabytes:17023.9140625|#Level:Host|#hostname:DESKTOP-MMCQPV1,timestamp:1727332410
2024-09-26T15:33:30,779 - MemoryUsed.Megabytes:15307.1484375|#Level:Host|#hostname:DESKTOP-MMCQPV1,timestamp:1727332410
2024-09-26T15:33:30,779 - MemoryUtilization.Percent:47.4|#Level:Host|#hostname:DESKTOP-MMCQPV1,timestamp:1727332410
2024-09-26T15:34:30,772 - CPUUtilization.Percent:0.0|#Level:Host|#hostname:DESKTOP-MMCQPV1,timestamp:1727332470
2024-09-26T15:34:30,773 - DiskAvailable.Gigabytes:250.4403953552246|#Level:Host|#hostname:DESKTOP-MMCQPV1,timestamp:1727332470
2024-09-26T15:34:30,774 - DiskUsage.Gigabytes:701.19189453125|#Level:Host|#hostname:DESKTOP-MMCQPV1,timestamp:1727332470
2024-09-26T15:34:30,779 - DiskUtilization.Percent:73.7|#Level:Host|#hostname:DESKTOP-MMCQPV1,timestamp:1727332470
2024-09-26T15:34:30,779 - GPUMemoryUtilization.Percent:19.89903924442273|#Level:Host,DeviceId:0|#hostname:DESKTOP-MMCQPV1,timestamp:1727332470
2024-09-26T15:34:30,780 - GPUMemoryUsed.Megabytes:1222.0|#Level:Host,DeviceId:0|#hostname:DESKTOP-MMCQPV1,timestamp:1727332470
2024-09-26T15:34:30,781 - GPUUtilization.Percent:0.0|#Level:Host,DeviceId:0|#hostname:DESKTOP-MMCQPV1,timestamp:1727332470
2024-09-26T15:34:30,782 - MemoryAvailable.Megabytes:17087.73828125|#Level:Host|#hostname:DESKTOP-MMCQPV1,timestamp:1727332470
2024-09-26T15:34:30,782 - MemoryUsed.Megabytes:15239.859375|#Level:Host|#hostname:DESKTOP-MMCQPV1,timestamp:1727332470
2024-09-26T15:34:30,783 - MemoryUtilization.Percent:47.1|#Level:Host|#hostname:DESKTOP-MMCQPV1,timestamp:1727332470
2024-09-26T15:35:30,769 - CPUUtilization.Percent:0.0|#Level:Host|#hostname:DESKTOP-MMCQPV1,timestamp:1727332530
2024-09-26T15:35:30,770 - DiskAvailable.Gigabytes:250.4403953552246|#Level:Host|#hostname:DESKTOP-MMCQPV1,timestamp:1727332530
2024-09-26T15:35:30,771 - DiskUsage.Gigabytes:701.19189453125|#Level:Host|#hostname:DESKTOP-MMCQPV1,timestamp:1727332530
2024-09-26T15:35:30,772 - DiskUtilization.Percent:73.7|#Level:Host|#hostname:DESKTOP-MMCQPV1,timestamp:1727332530
2024-09-26T15:35:30,777 - GPUMemoryUtilization.Percent:19.801335287412474|#Level:Host,DeviceId:0|#hostname:DESKTOP-MMCQPV1,timestamp:1727332530
2024-09-26T15:35:30,777 - GPUMemoryUsed.Megabytes:1216.0|#Level:Host,DeviceId:0|#hostname:DESKTOP-MMCQPV1,timestamp:1727332530
2024-09-26T15:35:30,778 - GPUUtilization.Percent:0.0|#Level:Host,DeviceId:0|#hostname:DESKTOP-MMCQPV1,timestamp:1727332530
2024-09-26T15:35:30,778 - MemoryAvailable.Megabytes:17112.12109375|#Level:Host|#hostname:DESKTOP-MMCQPV1,timestamp:1727332530
2024-09-26T15:35:30,779 - MemoryUsed.Megabytes:15215.34375|#Level:Host|#hostname:DESKTOP-MMCQPV1,timestamp:1727332530
2024-09-26T15:35:30,780 - MemoryUtilization.Percent:47.1|#Level:Host|#hostname:DESKTOP-MMCQPV1,timestamp:1727332530
2024-09-26T15:36:30,772 - CPUUtilization.Percent:50.0|#Level:Host|#hostname:DESKTOP-MMCQPV1,timestamp:1727332590
2024-09-26T15:36:30,772 - DiskAvailable.Gigabytes:250.44036483764648|#Level:Host|#hostname:DESKTOP-MMCQPV1,timestamp:1727332590
2024-09-26T15:36:30,775 - DiskUsage.Gigabytes:701.1919250488281|#Level:Host|#hostname:DESKTOP-MMCQPV1,timestamp:1727332590
2024-09-26T15:36:30,776 - DiskUtilization.Percent:73.7|#Level:Host|#hostname:DESKTOP-MMCQPV1,timestamp:1727332590
2024-09-26T15:36:30,781 - GPUMemoryUtilization.Percent:19.817619280247516|#Level:Host,DeviceId:0|#hostname:DESKTOP-MMCQPV1,timestamp:1727332590
2024-09-26T15:36:30,781 - GPUMemoryUsed.Megabytes:1217.0|#Level:Host,DeviceId:0|#hostname:DESKTOP-MMCQPV1,timestamp:1727332590
2024-09-26T15:36:30,782 - GPUUtilization.Percent:0.0|#Level:Host,DeviceId:0|#hostname:DESKTOP-MMCQPV1,timestamp:1727332590
2024-09-26T15:36:30,783 - MemoryAvailable.Megabytes:17168.6484375|#Level:Host|#hostname:DESKTOP-MMCQPV1,timestamp:1727332590
2024-09-26T15:36:30,783 - MemoryUsed.Megabytes:15158.81640625|#Level:Host|#hostname:DESKTOP-MMCQPV1,timestamp:1727332590
2024-09-26T15:36:30,783 - MemoryUtilization.Percent:46.9|#Level:Host|#hostname:DESKTOP-MMCQPV1,timestamp:1727332590
2024-09-26T15:37:30,782 - CPUUtilization.Percent:0.0|#Level:Host|#hostname:DESKTOP-MMCQPV1,timestamp:1727332650
2024-09-26T15:37:30,782 - DiskAvailable.Gigabytes:250.44036483764648|#Level:Host|#hostname:DESKTOP-MMCQPV1,timestamp:1727332650
2024-09-26T15:37:30,786 - DiskUsage.Gigabytes:701.1919250488281|#Level:Host|#hostname:DESKTOP-MMCQPV1,timestamp:1727332650
2024-09-26T15:37:30,790 - DiskUtilization.Percent:73.7|#Level:Host|#hostname:DESKTOP-MMCQPV1,timestamp:1727332650
2024-09-26T15:37:30,791 - GPUMemoryUtilization.Percent:19.817619280247516|#Level:Host,DeviceId:0|#hostname:DESKTOP-MMCQPV1,timestamp:1727332650
2024-09-26T15:37:30,791 - GPUMemoryUsed.Megabytes:1217.0|#Level:Host,DeviceId:0|#hostname:DESKTOP-MMCQPV1,timestamp:1727332650
2024-09-26T15:37:30,792 - GPUUtilization.Percent:0.0|#Level:Host,DeviceId:0|#hostname:DESKTOP-MMCQPV1,timestamp:1727332650
2024-09-26T15:37:30,792 - MemoryAvailable.Megabytes:17167.75390625|#Level:Host|#hostname:DESKTOP-MMCQPV1,timestamp:1727332650
2024-09-26T15:37:30,793 - MemoryUsed.Megabytes:15159.77734375|#Level:Host|#hostname:DESKTOP-MMCQPV1,timestamp:1727332650
2024-09-26T15:37:30,793 - MemoryUtilization.Percent:46.9|#Level:Host|#hostname:DESKTOP-MMCQPV1,timestamp:1727332650
2024-09-26T15:38:30,779 - CPUUtilization.Percent:0.0|#Level:Host|#hostname:DESKTOP-MMCQPV1,timestamp:1727332710
2024-09-26T15:38:30,779 - DiskAvailable.Gigabytes:250.4399528503418|#Level:Host|#hostname:DESKTOP-MMCQPV1,timestamp:1727332710
2024-09-26T15:38:30,781 - DiskUsage.Gigabytes:701.1923370361328|#Level:Host|#hostname:DESKTOP-MMCQPV1,timestamp:1727332710
2024-09-26T15:38:30,781 - DiskUtilization.Percent:73.7|#Level:Host|#hostname:DESKTOP-MMCQPV1,timestamp:1727332710
2024-09-26T15:38:30,786 - GPUMemoryUtilization.Percent:19.817619280247516|#Level:Host,DeviceId:0|#hostname:DESKTOP-MMCQPV1,timestamp:1727332710
2024-09-26T15:38:30,786 - GPUMemoryUsed.Megabytes:1217.0|#Level:Host,DeviceId:0|#hostname:DESKTOP-MMCQPV1,timestamp:1727332710
2024-09-26T15:38:30,787 - GPUUtilization.Percent:0.0|#Level:Host,DeviceId:0|#hostname:DESKTOP-MMCQPV1,timestamp:1727332710
2024-09-26T15:38:30,787 - MemoryAvailable.Megabytes:17158.21875|#Level:Host|#hostname:DESKTOP-MMCQPV1,timestamp:1727332710
2024-09-26T15:38:30,788 - MemoryUsed.Megabytes:15169.14453125|#Level:Host|#hostname:DESKTOP-MMCQPV1,timestamp:1727332710
2024-09-26T15:38:30,788 - MemoryUtilization.Percent:46.9|#Level:Host|#hostname:DESKTOP-MMCQPV1,timestamp:1727332710
2024-09-26T15:39:29,336 - ts_inference_requests_total.Count:1.0|#model_name:ensemble,model_version:default|#hostname:DESKTOP-MMCQPV1,timestamp:1727332769
2024-09-26T15:39:30,862 - CPUUtilization.Percent:0.0|#Level:Host|#hostname:DESKTOP-MMCQPV1,timestamp:1727332770
2024-09-26T15:39:30,862 - DiskAvailable.Gigabytes:250.4036636352539|#Level:Host|#hostname:DESKTOP-MMCQPV1,timestamp:1727332770
2024-09-26T15:39:30,863 - DiskUsage.Gigabytes:701.2286262512207|#Level:Host|#hostname:DESKTOP-MMCQPV1,timestamp:1727332770
2024-09-26T15:39:30,869 - DiskUtilization.Percent:73.7|#Level:Host|#hostname:DESKTOP-MMCQPV1,timestamp:1727332770
2024-09-26T15:39:30,869 - GPUMemoryUtilization.Percent:20.19215111545351|#Level:Host,DeviceId:0|#hostname:DESKTOP-MMCQPV1,timestamp:1727332770
2024-09-26T15:39:30,870 - GPUMemoryUsed.Megabytes:1240.0|#Level:Host,DeviceId:0|#hostname:DESKTOP-MMCQPV1,timestamp:1727332770
2024-09-26T15:39:30,870 - GPUUtilization.Percent:0.0|#Level:Host,DeviceId:0|#hostname:DESKTOP-MMCQPV1,timestamp:1727332770
2024-09-26T15:39:30,871 - MemoryAvailable.Megabytes:15893.22265625|#Level:Host|#hostname:DESKTOP-MMCQPV1,timestamp:1727332770
2024-09-26T15:39:30,871 - MemoryUsed.Megabytes:16434.2421875|#Level:Host|#hostname:DESKTOP-MMCQPV1,timestamp:1727332770
2024-09-26T15:39:30,872 - MemoryUtilization.Percent:50.8|#Level:Host|#hostname:DESKTOP-MMCQPV1,timestamp:1727332770
2024-09-26T15:39:33,884 - Requests2XX.Count:1.0|#Level:Host|#hostname:DESKTOP-MMCQPV1,timestamp:1727332773
2024-09-26T15:39:33,885 - ts_inference_latency_microseconds.Microseconds:4546752.5|#model_name:ensemble,model_version:default|#hostname:DESKTOP-MMCQPV1,timestamp:1727332773
2024-09-26T15:39:33,886 - ts_queue_latency_microseconds.Microseconds:136.5|#model_name:ensemble,model_version:default|#hostname:DESKTOP-MMCQPV1,timestamp:1727332773
2024-09-26T15:39:33,888 - QueueTime.Milliseconds:0.0|#Level:Host|#hostname:DESKTOP-MMCQPV1,timestamp:1727332773
2024-09-26T15:39:33,889 - WorkerThreadTime.Milliseconds:20.0|#Level:Host|#hostname:DESKTOP-MMCQPV1,timestamp:1727332773
2024-09-26T15:40:30,786 - CPUUtilization.Percent:0.0|#Level:Host|#hostname:DESKTOP-MMCQPV1,timestamp:1727332830
2024-09-26T15:40:30,787 - DiskAvailable.Gigabytes:250.44658279418945|#Level:Host|#hostname:DESKTOP-MMCQPV1,timestamp:1727332830
2024-09-26T15:40:30,787 - DiskUsage.Gigabytes:701.1857070922852|#Level:Host|#hostname:DESKTOP-MMCQPV1,timestamp:1727332830
2024-09-26T15:40:30,788 - DiskUtilization.Percent:73.7|#Level:Host|#hostname:DESKTOP-MMCQPV1,timestamp:1727332830
2024-09-26T15:40:30,788 - GPUMemoryUtilization.Percent:20.420127015144114|#Level:Host,DeviceId:0|#hostname:DESKTOP-MMCQPV1,timestamp:1727332830
2024-09-26T15:40:30,788 - GPUMemoryUsed.Megabytes:1254.0|#Level:Host,DeviceId:0|#hostname:DESKTOP-MMCQPV1,timestamp:1727332830
2024-09-26T15:40:30,788 - GPUUtilization.Percent:0.0|#Level:Host,DeviceId:0|#hostname:DESKTOP-MMCQPV1,timestamp:1727332830
2024-09-26T15:40:30,788 - MemoryAvailable.Megabytes:16987.19140625|#Level:Host|#hostname:DESKTOP-MMCQPV1,timestamp:1727332830
2024-09-26T15:40:30,789 - MemoryUsed.Megabytes:15341.26953125|#Level:Host|#hostname:DESKTOP-MMCQPV1,timestamp:1727332830
2024-09-26T15:40:30,789 - MemoryUtilization.Percent:47.5|#Level:Host|#hostname:DESKTOP-MMCQPV1,timestamp:1727332830
